@storybook/cli v7.0.6

info => Cleaning outputDir: C:\Users\admin\AppData\Local\Temp\chromatic--17892-8Z1jCjRgUtwS
info => Loading presets
info => Building manager..
info => Manager built (270 ms)
info => Copying static files: C:\test\taskbox\node_modules\@storybook\manager\static at C:\Users\admin\AppData\Local\Temp\chromatic--17892-8Z1jCjRgUtwS\sb-common-assets
[36mvite v4.2.2 [32mbuilding for production...[36m[39m

./sb-common-assets/fonts.css doesn't exist at build time, it will remain unchanged to be resolved at runtime
transforming...
info => Copying static files: C:\test\taskbox\public at C:\Users\admin\AppData\Local\Temp\chromatic--17892-8Z1jCjRgUtwS\
Use of eval in "node_modules/telejson/dist/index.mjs" is strongly discouraged as it poses security risks and may cause issues with minification.
Use of eval in "node_modules/telejson/dist/index.mjs" is strongly discouraged as it poses security risks and may cause issues with minification.
[32m✓[39m 1358 modules transformed.
rendering chunks...
computing gzip size...
[2m../../Users/admin/AppData/Local/Temp/chromatic--17892-8Z1jCjRgUtwS/[22m[32massets/direction-94a9917f.svg                       [39m[1m[2m  1.28 kB[22m[1m[22m
[2m../../Users/admin/AppData/Local/Temp/chromatic--17892-8Z1jCjRgUtwS/[22m[32massets/flow-275142c6.svg                            [39m[1m[2m  1.39 kB[22m[1m[22m
[2m../../Users/admin/AppData/Local/Temp/chromatic--17892-8Z1jCjRgUtwS/[22m[32massets/code-brackets-9ef6443e.svg                   [39m[1m[2m  1.46 kB[22m[1m[22m
[2m../../Users/admin/AppData/Local/Temp/chromatic--17892-8Z1jCjRgUtwS/[22m[32massets/comments-f15a6837.svg                        [39m[1m[2m  1.53 kB[22m[1m[22m
[2m../../Users/admin/AppData/Local/Temp/chromatic--17892-8Z1jCjRgUtwS/[22m[32massets/repo-fb4ece47.svg                            [39m[1m[2m  1.64 kB[22m[1m[22m
[2m../../Users/admin/AppData/Local/Temp/chromatic--17892-8Z1jCjRgUtwS/[22m[32massets/plugin-57148314.svg                          [39m[1m[2m  2.17 kB[22m[1m[22m
[2m../../Users/admin/AppData/Local/Temp/chromatic--17892-8Z1jCjRgUtwS/[22m[32massets/stackalt-2ad81543.svg                        [39m[1m[2m  2.55 kB[22m[1m[22m
[2m../../Users/admin/AppData/Local/Temp/chromatic--17892-8Z1jCjRgUtwS/[22m[32massets/colors-ac9401f3.svg                          [39m[1m[2m  8.51 kB[22m[1m[22m
[2m../../Users/admin/AppData/Local/Temp/chromatic--17892-8Z1jCjRgUtwS/[22m[32miframe.html                                         [39m[1m[2m 12.78 kB[22m[1m[22m
[2m../../Users/admin/AppData/Local/Temp/chromatic--17892-8Z1jCjRgUtwS/[22m[35massets/Header-e719f21b.css                          [39m[1m[2m  0.43 kB[22m[1m[22m[2m │ gzip:   0.29 kB[22m
[2m../../Users/admin/AppData/Local/Temp/chromatic--17892-8Z1jCjRgUtwS/[22m[35massets/Button-bc1a867b.css                          [39m[1m[2m  0.52 kB[22m[1m[22m[2m │ gzip:   0.29 kB[22m
[2m../../Users/admin/AppData/Local/Temp/chromatic--17892-8Z1jCjRgUtwS/[22m[35massets/Page.stories-62652a55.css                    [39m[1m[2m  0.85 kB[22m[1m[22m[2m │ gzip:   0.38 kB[22m
[2m../../Users/admin/AppData/Local/Temp/chromatic--17892-8Z1jCjRgUtwS/[22m[36massets/preview-1e5c59db.js                          [39m[1m[2m  0.19 kB[22m[1m[22m[2m │ gzip:   0.19 kB[22m[2m │ map:     0.57 kB[22m
[2m../../Users/admin/AppData/Local/Temp/chromatic--17892-8Z1jCjRgUtwS/[22m[36massets/index-d475d2ea.js                            [39m[1m[2m  0.21 kB[22m[1m[22m[2m │ gzip:   0.17 kB[22m[2m │ map:     0.80 kB[22m
[2m../../Users/admin/AppData/Local/Temp/chromatic--17892-8Z1jCjRgUtwS/[22m[36massets/index-a42a4a37.js                            [39m[1m[2m  0.25 kB[22m[1m[22m[2m │ gzip:   0.20 kB[22m[2m │ map:     0.10 kB[22m
[2m../../Users/admin/AppData/Local/Temp/chromatic--17892-8Z1jCjRgUtwS/[22m[36massets/WithTooltip-FBT32F6Q-2205782f.js             [39m[1m[2m  0.42 kB[22m[1m[22m[2m │ gzip:   0.26 kB[22m[2m │ map:     0.11 kB[22m
[2m../../Users/admin/AppData/Local/Temp/chromatic--17892-8Z1jCjRgUtwS/[22m[36massets/syntaxhighlighter-QTQ2UBB4-a737872c.js       [39m[1m[2m  0.44 kB[22m[1m[22m[2m │ gzip:   0.28 kB[22m[2m │ map:     0.12 kB[22m
[2m../../Users/admin/AppData/Local/Temp/chromatic--17892-8Z1jCjRgUtwS/[22m[36massets/index-4fb8b842.js                            [39m[1m[2m  0.53 kB[22m[1m[22m[2m │ gzip:   0.34 kB[22m[2m │ map:     4.26 kB[22m
[2m../../Users/admin/AppData/Local/Temp/chromatic--17892-8Z1jCjRgUtwS/[22m[36massets/react-18-61705542.js                         [39m[1m[2m  0.59 kB[22m[1m[22m[2m │ gzip:   0.38 kB[22m[2m │ map:     2.55 kB[22m
[2m../../Users/admin/AppData/Local/Temp/chromatic--17892-8Z1jCjRgUtwS/[22m[36massets/preview-0435c720.js                          [39m[1m[2m  0.69 kB[22m[1m[22m[2m │ gzip:   0.49 kB[22m[2m │ map:     3.74 kB[22m
[2m../../Users/admin/AppData/Local/Temp/chromatic--17892-8Z1jCjRgUtwS/[22m[36massets/_commonjsHelpers-042e6b4d.js                 [39m[1m[2m  0.78 kB[22m[1m[22m[2m │ gzip:   0.44 kB[22m[2m │ map:     0.11 kB[22m
[2m../../Users/admin/AppData/Local/Temp/chromatic--17892-8Z1jCjRgUtwS/[22m[36massets/preview-7af87e94.js                          [39m[1m[2m  0.79 kB[22m[1m[22m[2m │ gzip:   0.47 kB[22m[2m │ map:     1.20 kB[22m
[2m../../Users/admin/AppData/Local/Temp/chromatic--17892-8Z1jCjRgUtwS/[22m[36massets/index-4d501b15.js                            [39m[1m[2m  0.80 kB[22m[1m[22m[2m │ gzip:   0.52 kB[22m[2m │ map:     4.02 kB[22m
[2m../../Users/admin/AppData/Local/Temp/chromatic--17892-8Z1jCjRgUtwS/[22m[36massets/index-356e4a49.js                            [39m[1m[2m  0.81 kB[22m[1m[22m[2m │ gzip:   0.51 kB[22m[2m │ map:     3.23 kB[22m
[2m../../Users/admin/AppData/Local/Temp/chromatic--17892-8Z1jCjRgUtwS/[22m[36massets/preview-b1164a2e.js                          [39m[1m[2m  0.88 kB[22m[1m[22m[2m │ gzip:   0.58 kB[22m[2m │ map:     2.76 kB[22m
[2m../../Users/admin/AppData/Local/Temp/chromatic--17892-8Z1jCjRgUtwS/[22m[36massets/Header.stories-38494d84.js                   [39m[1m[2m  0.92 kB[22m[1m[22m[2m │ gzip:   0.49 kB[22m[2m │ map:     0.11 kB[22m
[2m../../Users/admin/AppData/Local/Temp/chromatic--17892-8Z1jCjRgUtwS/[22m[36massets/jsx-runtime-670450c2.js                      [39m[1m[2m  1.06 kB[22m[1m[22m[2m │ gzip:   0.66 kB[22m[2m │ map:     2.24 kB[22m
[2m../../Users/admin/AppData/Local/Temp/chromatic--17892-8Z1jCjRgUtwS/[22m[36massets/DocsRenderer-7FRJXR4N-b21d3eb3.js            [39m[1m[2m  1.30 kB[22m[1m[22m[2m │ gzip:   0.70 kB[22m[2m │ map:     2.40 kB[22m
[2m../../Users/admin/AppData/Local/Temp/chromatic--17892-8Z1jCjRgUtwS/[22m[36massets/Button-c04af887.js                           [39m[1m[2m  1.48 kB[22m[1m[22m[2m │ gzip:   0.70 kB[22m[2m │ map:     1.86 kB[22m
[2m../../Users/admin/AppData/Local/Temp/chromatic--17892-8Z1jCjRgUtwS/[22m[36massets/Button.stories-726d0d86.js                   [39m[1m[2m  1.55 kB[22m[1m[22m[2m │ gzip:   0.60 kB[22m[2m │ map:     0.13 kB[22m
[2m../../Users/admin/AppData/Local/Temp/chromatic--17892-8Z1jCjRgUtwS/[22m[36massets/Header-a13980c0.js                           [39m[1m[2m  1.69 kB[22m[1m[22m[2m │ gzip:   0.83 kB[22m[2m │ map:     3.03 kB[22m
[2m../../Users/admin/AppData/Local/Temp/chromatic--17892-8Z1jCjRgUtwS/[22m[36massets/preview-bb5acd95.js                          [39m[1m[2m  2.38 kB[22m[1m[22m[2m │ gzip:   1.26 kB[22m[2m │ map:    10.15 kB[22m
[2m../../Users/admin/AppData/Local/Temp/chromatic--17892-8Z1jCjRgUtwS/[22m[36massets/index-d37d4223.js                            [39m[1m[2m  2.63 kB[22m[1m[22m[2m │ gzip:   1.30 kB[22m[2m │ map:     7.44 kB[22m
[2m../../Users/admin/AppData/Local/Temp/chromatic--17892-8Z1jCjRgUtwS/[22m[36massets/preview-f96f0111.js                          [39m[1m[2m  3.29 kB[22m[1m[22m[2m │ gzip:   1.41 kB[22m[2m │ map:    10.04 kB[22m
[2m../../Users/admin/AppData/Local/Temp/chromatic--17892-8Z1jCjRgUtwS/[22m[36massets/iframe-b2782e4c.js                           [39m[1m[2m  5.15 kB[22m[1m[22m[2m │ gzip:   1.77 kB[22m[2m │ map:     5.42 kB[22m
[2m../../Users/admin/AppData/Local/Temp/chromatic--17892-8Z1jCjRgUtwS/[22m[36massets/Introduction-9f3cc719.js                     [39m[1m[2m  6.65 kB[22m[1m[22m[2m │ gzip:   2.21 kB[22m[2m │ map:    11.27 kB[22m
[2m../../Users/admin/AppData/Local/Temp/chromatic--17892-8Z1jCjRgUtwS/[22m[36massets/index-f1f749bf.js                            [39m[1m[2m  7.25 kB[22m[1m[22m[2m │ gzip:   2.96 kB[22m[2m │ map:    15.64 kB[22m
[2m../../Users/admin/AppData/Local/Temp/chromatic--17892-8Z1jCjRgUtwS/[22m[36massets/preview-62235626.js                          [39m[1m[2m  7.69 kB[22m[1m[22m[2m │ gzip:   1.60 kB[22m[2m │ map:    13.65 kB[22m
[2m../../Users/admin/AppData/Local/Temp/chromatic--17892-8Z1jCjRgUtwS/[22m[36massets/preview-e6f1f377.js                          [39m[1m[2m  7.97 kB[22m[1m[22m[2m │ gzip:   3.03 kB[22m[2m │ map:    28.13 kB[22m
[2m../../Users/admin/AppData/Local/Temp/chromatic--17892-8Z1jCjRgUtwS/[22m[36massets/index-078d3f98.js                            [39m[1m[2m 10.06 kB[22m[1m[22m[2m │ gzip:   3.66 kB[22m[2m │ map:    26.45 kB[22m
[2m../../Users/admin/AppData/Local/Temp/chromatic--17892-8Z1jCjRgUtwS/[22m[36massets/GlobalScrollAreaStyles-XIHNDKUY-ce91b3d3.js  [39m[1m[2m 10.40 kB[22m[1m[22m[2m │ gzip:   2.34 kB[22m[2m │ map:    15.68 kB[22m
[2m../../Users/admin/AppData/Local/Temp/chromatic--17892-8Z1jCjRgUtwS/[22m[36massets/preview-8e084d2f.js                          [39m[1m[2m 11.13 kB[22m[1m[22m[2m │ gzip:   3.76 kB[22m[2m │ map:    41.68 kB[22m
[2m../../Users/admin/AppData/Local/Temp/chromatic--17892-8Z1jCjRgUtwS/[22m[36massets/Color-3YIJY6X7-9b7d2a60.js                   [39m[1m[2m 30.98 kB[22m[1m[22m[2m │ gzip:  11.62 kB[22m[2m │ map:   112.17 kB[22m
[2m../../Users/admin/AppData/Local/Temp/chromatic--17892-8Z1jCjRgUtwS/[22m[36massets/OverlayScrollbars-VAV6LJAB-773363c0.js       [39m[1m[2m 58.97 kB[22m[1m[22m[2m │ gzip:  25.28 kB[22m[2m │ map:   277.29 kB[22m
[2m../../Users/admin/AppData/Local/Temp/chromatic--17892-8Z1jCjRgUtwS/[22m[36massets/index-f64090b0.js                            [39m[1m[2m212.67 kB[22m[1m[22m[2m │ gzip:  66.50 kB[22m[2m │ map:   647.44 kB[22m
[2m../../Users/admin/AppData/Local/Temp/chromatic--17892-8Z1jCjRgUtwS/[22m[36massets/config-6c7140a7.js                           [39m[1m[2m213.66 kB[22m[1m[22m[2m │ gzip:  66.39 kB[22m[2m │ map:   802.09 kB[22m
[2m../../Users/admin/AppData/Local/Temp/chromatic--17892-8Z1jCjRgUtwS/[22m[36massets/Page.stories-f95419e9.js                     [39m[1m[2m272.87 kB[22m[1m[22m[2m │ gzip:  65.71 kB[22m[2m │ map:   966.33 kB[22m
[2m../../Users/admin/AppData/Local/Temp/chromatic--17892-8Z1jCjRgUtwS/[22m[36massets/index-90b36f24.js                            [39m[1m[33m503.40 kB[39m[22m[2m │ gzip: 165.70 kB[22m[2m │ map: 1,431.92 kB[22m
[2m../../Users/admin/AppData/Local/Temp/chromatic--17892-8Z1jCjRgUtwS/[22m[36massets/formatter-S4K5WUZV-f1a6688b.js               [39m[1m[33m601.63 kB[39m[22m[2m │ gzip: 185.03 kB[22m[2m │ map: 1,315.95 kB[22m
[33m
(!) Some chunks are larger than 500 kBs after minification. Consider:
- Using dynamic import() to code-split the application
- Use build.rollupOptions.output.manualChunks to improve chunking: https://rollupjs.org/configuration-options/#output-manualchunks
- Adjust chunk size limit for this warning via build.chunkSizeWarningLimit.[39m
[32m✓[39m built in 9.56s
info => Output directory: C:\Users\admin\AppData\Local\Temp\chromatic--17892-8Z1jCjRgUtwS

attention => Storybook now collects completely anonymous telemetry regarding usage.
This information is used to shape Storybook's roadmap and prioritize features.
You can learn more, including how to opt-out if you'd not like to participate in this anonymous program, by visiting the following URL:
https://storybook.js.org/telemetry

